<?xml version="1.0" encoding="UTF-8"?>
<!-- Generated by org.testng.reporters.JUnitReportReporter -->
<testsuite hostname="GOPI" failures="0" tests="1" name="Tests.TC005_ConfirmationPageTest" time="10.877" errors="0" timestamp="2024-11-21T15:01:19 IST" skipped="0">
  <testcase classname="Tests.TC005_ConfirmationPageTest" name="placeOrder" time="10.877"/>
  <system-out/>
</testsuite> <!-- Tests.TC005_ConfirmationPageTest -->
