<?xml version="1.0" encoding="UTF-8"?>
<!-- Generated by org.testng.reporters.JUnitReportReporter -->
<testsuite hostname="GOPI" failures="0" tests="1" name="Tests.TC002_AddProductToCartTest" time="1.789" errors="0" timestamp="2024-11-21T15:01:19 IST" skipped="0">
  <testcase classname="Tests.TC002_AddProductToCartTest" name="addProduct" time="1.789"/>
  <system-out/>
</testsuite> <!-- Tests.TC002_AddProductToCartTest -->
