<?xml version="1.0" encoding="UTF-8"?>
<!-- Generated by org.testng.reporters.JUnitReportReporter -->
<testsuite hostname="GOPI" failures="0" tests="1" name="Tests.TC002_AddProductToCart" time="1.569" errors="0" timestamp="2024-11-12T17:30:22 IST" skipped="0">
  <testcase classname="Tests.TC002_AddProductToCart" name="addProduct" time="1.569"/>
  <system-out/>
</testsuite> <!-- Tests.TC002_AddProductToCart -->
