<?xml version="1.0" encoding="UTF-8"?>
<!-- Generated by org.testng.reporters.JUnitReportReporter -->
<testsuite hostname="Gopi-PC" failures="0" tests="1" name="TC001_LoginPage" time="2.187" errors="0" timestamp="2024-09-03T11:36:54 IST" skipped="0">
  <testcase classname="TC001_LoginPage" name="loginApp" time="2.187"/>
</testsuite> <!-- TC001_LoginPage -->
