<?xml version="1.0" encoding="UTF-8"?>
<!-- Generated by org.testng.reporters.JUnitReportReporter -->
<testsuite hostname="GOPI" failures="0" tests="1" name="Tests.TC004_CheckOut" time="8.484" errors="0" timestamp="2024-11-12T17:30:22 IST" skipped="0">
  <testcase classname="Tests.TC004_CheckOut" name="placeOrder" time="8.484"/>
  <system-out/>
</testsuite> <!-- Tests.TC004_CheckOut -->
