<?xml version="1.0" encoding="UTF-8"?>
<!-- Generated by org.testng.reporters.JUnitReportReporter -->
<testsuite hostname="GOPI" failures="0" tests="1" name="Tests.TC003_MyCart" time="4.466" errors="0" timestamp="2024-11-12T17:30:22 IST" skipped="0">
  <testcase classname="Tests.TC003_MyCart" name="verifyCart" time="4.466"/>
  <system-out/>
</testsuite> <!-- Tests.TC003_MyCart -->
