<?xml version="1.0" encoding="UTF-8"?>
<!-- Generated by org.testng.reporters.JUnitReportReporter -->
<testsuite hostname="GOPI" failures="0" tests="1" name="Tests.TC005_ConfirmationPage" time="18.033" errors="0" timestamp="2024-11-12T17:30:22 IST" skipped="0">
  <testcase classname="Tests.TC005_ConfirmationPage" name="placeOrder" time="18.033"/>
  <system-out/>
</testsuite> <!-- Tests.TC005_ConfirmationPage -->
