<?xml version="1.0" encoding="UTF-8"?>
<!-- Generated by org.testng.reporters.JUnitReportReporter -->
<testsuite hostname="GOPI" failures="0" tests="1" name="Tests.TC002_AddProductToCartTest" time="1.834" errors="0" timestamp="2024-11-21T15:05:23 IST" skipped="0">
  <testcase classname="Tests.TC002_AddProductToCartTest" name="addProduct" time="1.834"/>
</testsuite> <!-- Tests.TC002_AddProductToCartTest -->
