<?xml version="1.0" encoding="UTF-8"?>
<!-- Generated by org.testng.reporters.JUnitReportReporter -->
<testsuite hostname="GOPI" failures="0" tests="1" name="Tests.TC003_MyCartTest" time="5.339" errors="0" timestamp="2024-11-21T15:05:23 IST" skipped="0">
  <testcase classname="Tests.TC003_MyCartTest" name="verifyCart" time="5.339"/>
</testsuite> <!-- Tests.TC003_MyCartTest -->
