<?xml version="1.0" encoding="UTF-8"?>
<!-- Generated by org.testng.reporters.JUnitReportReporter -->
<testsuite hostname="GOPI" failures="0" tests="1" name="Tests.TC001_LoginPageTest" time="1.708" errors="0" timestamp="2024-11-21T15:05:23 IST" skipped="0">
  <testcase classname="Tests.TC001_LoginPageTest" name="loginApp" time="1.708"/>
</testsuite> <!-- Tests.TC001_LoginPageTest -->
